# JRE version: OpenJDK Runtime Environment JBR-17.0.14+1-1367.22-nomod (17.0.14+1) (build 17.0.14+1-b1367.22)
# Java VM: OpenJDK 64-Bit Server VM JBR-17.0.14+1-1367.22-nomod (17.0.14+1-b1367.22, mixed mode, sharing, tiered, compressed oops, compressed class ptrs, g1 gc, windows-amd64)
GC Precious Log:
 CPUs: 8 total, 8 available
 Memory: 7975M
 Large Page Support: Disabled
 NUMA Support: Disabled
 Compressed Oops: Enabled (32-bit)
 Heap Region Size: 1M
 Heap Min Capacity: 8M
 Heap Initial Capacity: 126M
 Heap Max Capacity: 1994M
 Pre-touch: Disabled
 Parallel Workers: 8
 Concurrent Workers: 2
 Concurrent Refinement Workers: 8
 Periodic GC: Disabled
Heap:
 garbage-first heap   total 286720K, used 172996K [0x0000000083600000, 0x0000000100000000)
  region size 1024K, 11 young (11264K), 2 survivors (2048K)
 Metaspace       used 37407K, committed 37696K, reserved 1114112K
  class space    used 4871K, committed 4992K, reserved 1048576K
GC Heap History (18 events):
Event: 0.611 GC heap before
{Heap before GC invocations=0 (full 0):
 garbage-first heap   total 129024K, used 22528K [0x0000000083600000, 0x0000000100000000)
  region size 1024K, 23 young (23552K), 0 survivors (0K)
 Metaspace       used 4788K, committed 4928K, reserved 1114112K
  class space    used 561K, committed 640K, reserved 1048576K
}
Event: 0.613 GC heap after
{Heap after GC invocations=1 (full 0):
 garbage-first heap   total 129024K, used 3894K [0x0000000083600000, 0x0000000100000000)
  region size 1024K, 3 young (3072K), 3 survivors (3072K)
 Metaspace       used 4788K, committed 4928K, reserved 1114112K
  class space    used 561K, committed 640K, reserved 1048576K
}
Event: 0.809 GC heap before
{Heap before GC invocations=1 (full 0):
 garbage-first heap   total 129024K, used 17206K [0x0000000083600000, 0x0000000100000000)
  region size 1024K, 17 young (17408K), 3 survivors (3072K)
 Metaspace       used 8991K, committed 9216K, reserved 1114112K
  class space    used 1206K, committed 1344K, reserved 1048576K
}
Event: 0.814 GC heap after
{Heap after GC invocations=2 (full 0):
 garbage-first heap   total 129024K, used 5959K [0x0000000083600000, 0x0000000100000000)
  region size 1024K, 3 young (3072K), 3 survivors (3072K)
 Metaspace       used 8991K, committed 9216K, reserved 1114112K
  class space    used 1206K, committed 1344K, reserved 1048576K
}
Event: 1.193 GC heap before
{Heap before GC invocations=2 (full 0):
 garbage-first heap   total 129024K, used 73543K [0x0000000083600000, 0x0000000100000000)
  region size 1024K, 5 young (5120K), 3 survivors (3072K)
 Metaspace       used 9251K, committed 9536K, reserved 1114112K
  class space    used 1246K, committed 1408K, reserved 1048576K
}
Event: 1.196 GC heap after
{Heap after GC invocations=3 (full 0):
 garbage-first heap   total 129024K, used 72697K [0x0000000083600000, 0x0000000100000000)
  region size 1024K, 3 young (3072K), 3 survivors (3072K)
 Metaspace       used 9251K, committed 9536K, reserved 1114112K
  class space    used 1246K, committed 1408K, reserved 1048576K
}
Event: 1.920 GC heap before
{Heap before GC invocations=4 (full 0):
 garbage-first heap   total 133120K, used 104441K [0x0000000083600000, 0x0000000100000000)
  region size 1024K, 30 young (30720K), 3 survivors (3072K)
 Metaspace       used 15060K, committed 15296K, reserved 1114112K
  class space    used 2293K, committed 2432K, reserved 1048576K
}
Event: 1.933 GC heap after
{Heap after GC invocations=5 (full 0):
 garbage-first heap   total 133120K, used 81488K [0x0000000083600000, 0x0000000100000000)
  region size 1024K, 4 young (4096K), 4 survivors (4096K)
 Metaspace       used 15060K, committed 15296K, reserved 1114112K
  class space    used 2293K, committed 2432K, reserved 1048576K
}
Event: 2.253 GC heap before
{Heap before GC invocations=5 (full 0):
 garbage-first heap   total 133120K, used 84560K [0x0000000083600000, 0x0000000100000000)
  region size 1024K, 8 young (8192K), 4 survivors (4096K)
 Metaspace       used 15906K, committed 16064K, reserved 1114112K
  class space    used 2400K, committed 2496K, reserved 1048576K
}
Event: 2.255 GC heap after
{Heap after GC invocations=6 (full 0):
 garbage-first heap   total 133120K, used 82309K [0x0000000083600000, 0x0000000100000000)
  region size 1024K, 1 young (1024K), 1 survivors (1024K)
 Metaspace       used 15906K, committed 16064K, reserved 1114112K
  class space    used 2400K, committed 2496K, reserved 1048576K
}
Event: 11.679 GC heap before
{Heap before GC invocations=7 (full 0):
 garbage-first heap   total 143360K, used 109957K [0x0000000083600000, 0x0000000100000000)
  region size 1024K, 27 young (27648K), 1 survivors (1024K)
 Metaspace       used 26770K, committed 27008K, reserved 1114112K
  class space    used 3514K, committed 3584K, reserved 1048576K
}
Event: 11.684 GC heap after
{Heap after GC invocations=8 (full 0):
 garbage-first heap   total 208896K, used 87504K [0x0000000083600000, 0x0000000100000000)
  region size 1024K, 4 young (4096K), 4 survivors (4096K)
 Metaspace       used 26770K, committed 27008K, reserved 1114112K
  class space    used 3514K, committed 3584K, reserved 1048576K
}
Event: 59.432 GC heap before
{Heap before GC invocations=9 (full 0):
 garbage-first heap   total 208896K, used 149968K [0x0000000083600000, 0x0000000100000000)
  region size 1024K, 66 young (67584K), 4 survivors (4096K)
 Metaspace       used 37007K, committed 37248K, reserved 1114112K
  class space    used 4837K, committed 4928K, reserved 1048576K
}
Event: 59.442 GC heap after
{Heap after GC invocations=10 (full 0):
 garbage-first heap   total 208896K, used 96209K [0x0000000083600000, 0x0000000100000000)
  region size 1024K, 10 young (10240K), 10 survivors (10240K)
 Metaspace       used 37007K, committed 37248K, reserved 1114112K
  class space    used 4837K, committed 4928K, reserved 1048576K
}
Event: 59.620 GC heap before
{Heap before GC invocations=10 (full 0):
 garbage-first heap   total 211968K, used 162769K [0x0000000083600000, 0x0000000100000000)
  region size 1024K, 11 young (11264K), 10 survivors (10240K)
 Metaspace       used 37016K, committed 37376K, reserved 1114112K
  class space    used 4838K, committed 4992K, reserved 1048576K
}
Event: 59.629 GC heap after
{Heap after GC invocations=11 (full 0):
 garbage-first heap   total 211968K, used 164251K [0x0000000083600000, 0x0000000100000000)
  region size 1024K, 2 young (2048K), 2 survivors (2048K)
 Metaspace       used 37016K, committed 37376K, reserved 1114112K
  class space    used 4838K, committed 4992K, reserved 1048576K
}
Event: 62.244 GC heap before
{Heap before GC invocations=12 (full 0):
 garbage-first heap   total 286720K, used 175515K [0x0000000083600000, 0x0000000100000000)
  region size 1024K, 9 young (9216K), 2 survivors (2048K)
 Metaspace       used 37222K, committed 37504K, reserved 1114112K
  class space    used 4851K, committed 4992K, reserved 1048576K
}
Event: 62.246 GC heap after
{Heap after GC invocations=13 (full 0):
 garbage-first heap   total 286720K, used 169924K [0x0000000083600000, 0x0000000100000000)
  region size 1024K, 2 young (2048K), 2 survivors (2048K)
 Metaspace       used 37222K, committed 37504K, reserved 1114112K
  class space    used 4851K, committed 4992K, reserved 1048576K
}

