# JRE version: OpenJDK Runtime Environment JBR-17.0.14+1-1367.22-nomod (17.0.14+1) (build 17.0.14+1-b1367.22)
# Java VM: OpenJDK 64-Bit Server VM JBR-17.0.14+1-1367.22-nomod (17.0.14+1-b1367.22, mixed mode, sharing, tiered, compressed oops, compressed class ptrs, g1 gc, windows-amd64)
GC Precious Log:
 CPUs: 8 total, 8 available
 Memory: 7975M
 Large Page Support: Disabled
 NUMA Support: Disabled
 Compressed Oops: Enabled (32-bit)
 Heap Region Size: 1M
 Heap Min Capacity: 8M
 Heap Initial Capacity: 126M
 Heap Max Capacity: 1994M
 Pre-touch: Disabled
 Parallel Workers: 8
 Concurrent Workers: 2
 Concurrent Refinement Workers: 8
 Periodic GC: Disabled
Heap:
 garbage-first heap   total 153600K, used 95902K [0x0000000083600000, 0x0000000100000000)
  region size 1024K, 10 young (10240K), 3 survivors (3072K)
 Metaspace       used 29460K, committed 29824K, reserved 1114112K
  class space    used 3921K, committed 4096K, reserved 1048576K
GC Heap History (18 events):
Event: 1.503 GC heap before
{Heap before GC invocations=0 (full 0):
 garbage-first heap   total 129024K, used 22528K [0x0000000083600000, 0x0000000100000000)
  region size 1024K, 23 young (23552K), 0 survivors (0K)
 Metaspace       used 4954K, committed 5120K, reserved 1114112K
  class space    used 615K, committed 704K, reserved 1048576K
}
Event: 1.506 GC heap after
{Heap after GC invocations=1 (full 0):
 garbage-first heap   total 129024K, used 3312K [0x0000000083600000, 0x0000000100000000)
  region size 1024K, 3 young (3072K), 3 survivors (3072K)
 Metaspace       used 4954K, committed 5120K, reserved 1114112K
  class space    used 615K, committed 704K, reserved 1048576K
}
Event: 1.886 GC heap before
{Heap before GC invocations=1 (full 0):
 garbage-first heap   total 129024K, used 16624K [0x0000000083600000, 0x0000000100000000)
  region size 1024K, 17 young (17408K), 3 survivors (3072K)
 Metaspace       used 8962K, committed 9216K, reserved 1114112K
  class space    used 1205K, committed 1344K, reserved 1048576K
}
Event: 1.891 GC heap after
{Heap after GC invocations=2 (full 0):
 garbage-first heap   total 129024K, used 5311K [0x0000000083600000, 0x0000000100000000)
  region size 1024K, 3 young (3072K), 3 survivors (3072K)
 Metaspace       used 8962K, committed 9216K, reserved 1114112K
  class space    used 1205K, committed 1344K, reserved 1048576K
}
Event: 2.215 GC heap before
{Heap before GC invocations=2 (full 0):
 garbage-first heap   total 129024K, used 72895K [0x0000000083600000, 0x0000000100000000)
  region size 1024K, 5 young (5120K), 3 survivors (3072K)
 Metaspace       used 9219K, committed 9472K, reserved 1114112K
  class space    used 1245K, committed 1408K, reserved 1048576K
}
Event: 2.217 GC heap after
{Heap after GC invocations=3 (full 0):
 garbage-first heap   total 129024K, used 72055K [0x0000000083600000, 0x0000000100000000)
  region size 1024K, 3 young (3072K), 3 survivors (3072K)
 Metaspace       used 9219K, committed 9472K, reserved 1114112K
  class space    used 1245K, committed 1408K, reserved 1048576K
}
Event: 11.150 GC heap before
{Heap before GC invocations=4 (full 0):
 garbage-first heap   total 132096K, used 103799K [0x0000000083600000, 0x0000000100000000)
  region size 1024K, 30 young (30720K), 3 survivors (3072K)
 Metaspace       used 18510K, committed 18816K, reserved 1114112K
  class space    used 2485K, committed 2624K, reserved 1048576K
}
Event: 11.155 GC heap after
{Heap after GC invocations=5 (full 0):
 garbage-first heap   total 132096K, used 80934K [0x0000000083600000, 0x0000000100000000)
  region size 1024K, 4 young (4096K), 4 survivors (4096K)
 Metaspace       used 18510K, committed 18816K, reserved 1114112K
  class space    used 2485K, committed 2624K, reserved 1048576K
}
Event: 11.374 GC heap before
{Heap before GC invocations=5 (full 0):
 garbage-first heap   total 132096K, used 93222K [0x0000000083600000, 0x0000000100000000)
  region size 1024K, 17 young (17408K), 4 survivors (4096K)
 Metaspace       used 21191K, committed 21504K, reserved 1114112K
  class space    used 2965K, committed 3136K, reserved 1048576K
}
Event: 11.378 GC heap after
{Heap after GC invocations=6 (full 0):
 garbage-first heap   total 132096K, used 82276K [0x0000000083600000, 0x0000000100000000)
  region size 1024K, 2 young (2048K), 2 survivors (2048K)
 Metaspace       used 21191K, committed 21504K, reserved 1114112K
  class space    used 2965K, committed 3136K, reserved 1048576K
}
Event: 11.825 GC heap before
{Heap before GC invocations=7 (full 0):
 garbage-first heap   total 140288K, used 94564K [0x0000000083600000, 0x0000000100000000)
  region size 1024K, 16 young (16384K), 2 survivors (2048K)
 Metaspace       used 24929K, committed 25280K, reserved 1114112K
  class space    used 3587K, committed 3776K, reserved 1048576K
}
Event: 11.827 GC heap after
{Heap after GC invocations=8 (full 0):
 garbage-first heap   total 140288K, used 84106K [0x0000000083600000, 0x0000000100000000)
  region size 1024K, 4 young (4096K), 4 survivors (4096K)
 Metaspace       used 24929K, committed 25280K, reserved 1114112K
  class space    used 3587K, committed 3776K, reserved 1048576K
}
Event: 13.389 GC heap before
{Heap before GC invocations=9 (full 0):
 garbage-first heap   total 147456K, used 115850K [0x0000000083600000, 0x0000000100000000)
  region size 1024K, 34 young (34816K), 4 survivors (4096K)
 Metaspace       used 27947K, committed 28352K, reserved 1114112K
  class space    used 3866K, committed 4032K, reserved 1048576K
}
Event: 13.395 GC heap after
{Heap after GC invocations=10 (full 0):
 garbage-first heap   total 147456K, used 87880K [0x0000000083600000, 0x0000000100000000)
  region size 1024K, 4 young (4096K), 4 survivors (4096K)
 Metaspace       used 27947K, committed 28352K, reserved 1114112K
  class space    used 3866K, committed 4032K, reserved 1048576K
}
Event: 19.016 GC heap before
{Heap before GC invocations=10 (full 0):
 garbage-first heap   total 147456K, used 116552K [0x0000000083600000, 0x0000000100000000)
  region size 1024K, 34 young (34816K), 4 survivors (4096K)
 Metaspace       used 29011K, committed 29440K, reserved 1114112K
  class space    used 3911K, committed 4096K, reserved 1048576K
}
Event: 19.020 GC heap after
{Heap after GC invocations=11 (full 0):
 garbage-first heap   total 147456K, used 88804K [0x0000000083600000, 0x0000000100000000)
  region size 1024K, 3 young (3072K), 3 survivors (3072K)
 Metaspace       used 29011K, committed 29440K, reserved 1114112K
  class space    used 3911K, committed 4096K, reserved 1048576K
}
Event: 19.066 GC heap before
{Heap before GC invocations=12 (full 0):
 garbage-first heap   total 153600K, used 89828K [0x0000000083600000, 0x0000000100000000)
  region size 1024K, 4 young (4096K), 3 survivors (3072K)
 Metaspace       used 29015K, committed 29440K, reserved 1114112K
  class space    used 3911K, committed 4096K, reserved 1048576K
}
Event: 19.069 GC heap after
{Heap after GC invocations=13 (full 0):
 garbage-first heap   total 153600K, used 88734K [0x0000000083600000, 0x0000000100000000)
  region size 1024K, 3 young (3072K), 3 survivors (3072K)
 Metaspace       used 29015K, committed 29440K, reserved 1114112K
  class space    used 3911K, committed 4096K, reserved 1048576K
}

